
*** Running vivado
    with args -log cmos_in_buf.vds -m64 -mode batch -messageDb vivado.pb -notrace -source cmos_in_buf.tcl


****** Vivado v2015.4 (64-bit)
  **** SW Build 1412921 on Wed Nov 18 09:43:45 MST 2015
  **** IP Build 1412160 on Tue Nov 17 13:47:24 MST 2015
    ** Copyright 1986-2015 Xilinx, Inc. All Rights Reserved.

source cmos_in_buf.tcl -notrace
INFO: [IP_Flow 19-234] Refreshing IP repositories
INFO: [IP_Flow 19-1700] Loaded user IP repository 'y:/project/zynq_ip_repo/alinx/ov5640_ip'.
WARNING: [IP_Flow 19-3656] If you move the project, the path for repository 'y:/project/zynq_ip_repo/alinx/ov5640_ip' may become invalid. A better location for the repostory would be in a path adjacent to the project. (Current project location is 'y:/project/zynq_ip_repo/alinx/ov5640_ip/alinx_ov5640.runs/cmos_in_buf_synth_1'.)
WARNING: [IP_Flow 19-2248] Failed to load user IP repository 'y:/ax/ax7010/vivado_project_b/ov5640_ip'; Can't find the specified path.
If this directory should no longer be in your list of user repositories, go to the IP Settings dialog and remove it.
INFO: [IP_Flow 19-2313] Loaded Vivado IP repository 'D:/Xilinx/Vivado/2015.4/data/ip'.
WARNING: [IP_Flow 19-3664] IP 'cmos_in_buf' generated file not found 'y:/project/zynq_ip_repo/alinx/ov5640_ip/alinx_ov5640.srcs/sources_1/ip/cmos_in_buf/cmos_in_buf.dcp'. Please regenerate to continue.
WARNING: [IP_Flow 19-3664] IP 'cmos_in_buf' generated file not found 'y:/project/zynq_ip_repo/alinx/ov5640_ip/alinx_ov5640.srcs/sources_1/ip/cmos_in_buf/cmos_in_buf_stub.v'. Please regenerate to continue.
WARNING: [IP_Flow 19-3664] IP 'cmos_in_buf' generated file not found 'y:/project/zynq_ip_repo/alinx/ov5640_ip/alinx_ov5640.srcs/sources_1/ip/cmos_in_buf/cmos_in_buf_stub.vhdl'. Please regenerate to continue.
WARNING: [IP_Flow 19-3664] IP 'cmos_in_buf' generated file not found 'y:/project/zynq_ip_repo/alinx/ov5640_ip/alinx_ov5640.srcs/sources_1/ip/cmos_in_buf/cmos_in_buf_sim_netlist.v'. Please regenerate to continue.
WARNING: [IP_Flow 19-3664] IP 'cmos_in_buf' generated file not found 'y:/project/zynq_ip_repo/alinx/ov5640_ip/alinx_ov5640.srcs/sources_1/ip/cmos_in_buf/cmos_in_buf_sim_netlist.vhdl'. Please regenerate to continue.
Command: synth_design -top cmos_in_buf -part xc7z020clg400-2 -mode out_of_context
Starting synth_design
Attempting to get a license for feature 'Synthesis' and/or device 'xc7z020'
INFO: [Common 17-349] Got license for feature 'Synthesis' and/or device 'xc7z020'
---------------------------------------------------------------------------------
Starting RTL Elaboration : Time (s): cpu = 00:00:08 ; elapsed = 00:00:12 . Memory (MB): peak = 330.699 ; gain = 158.918
---------------------------------------------------------------------------------
