#-----------------------------------------------------------
# Vivado v2017.4 (64-bit)
# SW Build 2086221 on Fri Dec 15 20:55:39 MST 2017
# IP Build 2085800 on Fri Dec 15 22:25:07 MST 2017
# Start of session at: Fri May 25 13:28:42 2018
# Process ID: 11056
# Current directory: E:/gu_workstation/an5642_lwip_double/repo/alinx/ov5640_ip
# Command line: vivado.exe -gui_launcher_event rodinguilauncherevent11000 E:\gu_workstation\an5642_lwip_double\repo\alinx\ov5640_ip\alinx_ov5640.xpr
# Log file: E:/gu_workstation/an5642_lwip_double/repo/alinx/ov5640_ip/vivado.log
# Journal file: E:/gu_workstation/an5642_lwip_double/repo/alinx/ov5640_ip\vivado.jou
#-----------------------------------------------------------
start_gui
open_project E:/gu_workstation/an5642_lwip_double/repo/alinx/ov5640_ip/alinx_ov5640.xpr
INFO: [Project 1-313] Project file moved from 'Y:/project/zynq_ip_repo/alinx/ov5640_ip' since last save.
Scanning sources...
Finished scanning sources
WARNING: [filemgmt 56-2] IP Repository Path: Could not find the directory 'E:/gu_workstation/ax/ax7010/vivado_project_b/ov5640_ip', nor could it be found using path 'Y:/ax/ax7010/vivado_project_b/ov5640_ip'.
INFO: [IP_Flow 19-234] Refreshing IP repositories
INFO: [IP_Flow 19-1700] Loaded user IP repository 'e:/gu_workstation/an5642_lwip_double/repo/alinx/ov5640_ip'.
WARNING: [IP_Flow 19-2248] Failed to load user IP repository 'e:/gu_workstation/ax/ax7010/vivado_project_b/ov5640_ip'; Can't find the specified path.
If this directory should no longer be in your list of user repositories, go to the IP Settings dialog and remove it.
INFO: [IP_Flow 19-2313] Loaded Vivado IP repository 'C:/Xilinx/Vivado/2017.4/data/ip'.
WARNING: [IP_Flow 19-2162] IP 'cmos_in_buf' is locked:
* IP definition 'FIFO Generator (13.0)' for IP 'cmos_in_buf' (customized with software release 2015.4) has a newer minor version in the IP Catalog.
* IP definition 'FIFO Generator (13.0)' for IP 'cmos_in_buf' (customized with software release 2015.4) has a different revision in the IP Catalog.
* Current project part 'xc7z020clg400-2' and the part 'xc7z010clg400-1' used to customize the IP 'cmos_in_buf' do not match.
Please select 'Report IP Status' from the 'Tools/Report' menu or run Tcl command 'report_ip_status' for more information.
INFO: [Project 1-230] Project 'alinx_ov5640.xpr' upgraded for this version of Vivado.
open_project: Time (s): cpu = 00:00:09 ; elapsed = 00:00:06 . Memory (MB): peak = 792.230 ; gain = 77.984
update_compile_order -fileset sources_1
report_ip_status -name ip_status 
ipx::open_ipxact_file {E:\gu_workstation\an5642_lwip_double\repo\alinx\ov5640_ip\component.xml}
WARNING: [IP_Flow 19-3833] Unreferenced file from the top module is not packaged: 'E:/gu_workstation/an5642_lwip_double/repo/alinx/ov5640_ip/src/i2c_com.v'.
WARNING: [IP_Flow 19-3833] Unreferenced file from the top module is not packaged: 'E:/gu_workstation/an5642_lwip_double/repo/alinx/ov5640_ip/src/reg_config.v'.
WARNING: [IP_Flow 19-3833] Unreferenced file from the top module is not packaged: 'E:/gu_workstation/an5642_lwip_double/repo/alinx/ov5640_ip/src/power_on_delay.v'.
INFO: [IP_Flow 19-4730] File Group 'xilinx_anylanguagesynthesis (Synthesis)': Update referenced subcore 'xilinx.com:ip:fifo_generator:13.0' to the latest version 'xilinx.com:ip:fifo_generator:13.2'.
INFO: [IP_Flow 19-4730] File Group 'xilinx_anylanguagebehavioralsimulation (Simulation)': Update referenced subcore 'xilinx.com:ip:fifo_generator:13.0' to the latest version 'xilinx.com:ip:fifo_generator:13.2'.
ipx::create_xgui_files [ipx::current_core]
ipx::update_checksums [ipx::current_core]
ipx::save_core [ipx::current_core]
update_ip_catalog -rebuild -repo_path e:/gu_workstation/an5642_lwip_double/repo/alinx/ov5640_ip
INFO: [IP_Flow 19-725] Reloaded user IP repository 'e:/gu_workstation/an5642_lwip_double/repo/alinx/ov5640_ip'
ipx::unload_core e:/gu_workstation/an5642_lwip_double/repo/alinx/ov5640_ip/component.xml
upgrade_ip -srcset cmos_in_buf -vlnv xilinx.com:ip:fifo_generator:13.2 [get_ips  cmos_in_buf] -log ip_upgrade.log
Upgrading 'cmos_in_buf'
INFO: [Project 1-386] Moving file 'E:/gu_workstation/an5642_lwip_double/repo/alinx/ov5640_ip/alinx_ov5640.srcs/sources_1/ip/cmos_in_buf/cmos_in_buf.xci' from fileset 'cmos_in_buf' to fileset 'sources_1'.
INFO: [IP_Flow 19-1972] Upgraded cmos_in_buf from FIFO Generator 13.0 to FIFO Generator 13.2
INFO: [IP_Flow 19-1686] Generating 'Instantiation Template' target for IP 'cmos_in_buf'...
INFO: [Coretcl 2-1525] Wrote upgrade log to 'E:/gu_workstation/an5642_lwip_double/repo/alinx/ov5640_ip/ip_upgrade.log'.
export_ip_user_files -of_objects [get_ips cmos_in_buf] -no_script -sync -force -quiet
update_compile_order -fileset sources_1
report_ip_status -name ip_status 
ipx::open_ipxact_file {E:\gu_workstation\an5642_lwip_double\repo\alinx\ov5640_ip\component.xml}
WARNING: [IP_Flow 19-3833] Unreferenced file from the top module is not packaged: 'E:/gu_workstation/an5642_lwip_double/repo/alinx/ov5640_ip/src/i2c_com.v'.
WARNING: [IP_Flow 19-3833] Unreferenced file from the top module is not packaged: 'E:/gu_workstation/an5642_lwip_double/repo/alinx/ov5640_ip/src/reg_config.v'.
WARNING: [IP_Flow 19-3833] Unreferenced file from the top module is not packaged: 'E:/gu_workstation/an5642_lwip_double/repo/alinx/ov5640_ip/src/power_on_delay.v'.
ipx::unload_core e:/gu_workstation/an5642_lwip_double/repo/alinx/ov5640_ip/component.xml
exit
INFO: [Common 17-206] Exiting Vivado at Fri May 25 16:06:20 2018...
